<?xml version="1.0" encoding="UTF-8"?>
<!-- Generated by org.testng.reporters.JUnitReportReporter -->
<testsuite skipped="0" hostname="Sanjeevsingh" name="BaseClass.LaunchClass" tests="1" failures="0" timestamp="2019-09-26T16:32:52 IST" time="13.093" errors="0">
  <testcase name="LaunchApp" time="13.093" classname="BaseClass.LaunchClass"/>
</testsuite> <!-- BaseClass.LaunchClass -->
