<?xml version="1.0" encoding="UTF-8"?>
<!-- Generated by org.testng.reporters.JUnitReportReporter -->
<testsuite skipped="0" hostname="Sanjeevsingh" name="BaseClass.Driver" tests="1" failures="0" timestamp="2019-09-26T16:27:37 IST" time="10.914" errors="0">
  <testcase name="LaunchApp" time="10.914" classname="BaseClass.Driver"/>
</testsuite> <!-- BaseClass.Driver -->
