<?xml version="1.0" encoding="UTF-8"?>
<!-- Generated by org.testng.reporters.JUnitReportReporter -->
<testsuite skipped="0" hostname="Sanjeevsingh" name="session3.Appium.callModule" tests="2" failures="0" timestamp="2019-10-01T17:30:34 IST" time="17.101" errors="0">
  <testcase name="ShowTitle" time="5.321" classname="session3.Appium.callModule"/>
  <testcase name="Hide_ShowFun" time="11.780" classname="session3.Appium.callModule"/>
</testsuite> <!-- session3.Appium.callModule -->
